<?xml version="1.0" encoding="UTF-8" ?>
<testsuite failures="0" time="0.366" errors="0" skipped="0" tests="5" name="com.foo.bar.spring.jpa.demo.tests.repositories.AuthorRepositoryTest">
  <properties>
[...]
</properties>
  <testcase time="0.215" classname="com.foo.bar.spring.jpa.demo.tests.repositories.AuthorRepositoryTest" name="testFindAuthorEntity"/>
  <testcase time="0.031" classname="com.foo.bar.spring.jpa.demo.tests.repositories.AuthorRepositoryTest" name="testFindAuthorEntityByFirstName"/>
  <testcase time="0.036" classname="com.foo.bar.spring.jpa.demo.tests.repositories.AuthorRepositoryTest" name="testCreateAuthorEntity"/>
  <testcase time="0.081" classname="com.foo.bar.spring.jpa.demo.tests.repositories.AuthorRepositoryTest" name="testUpdateAuthorEntity"/>
  <testcase time="0.003" classname="com.foo.bar.spring.jpa.demo.tests.repositories.AuthorRepositoryTest" name="testFindAuthorEntityByLastName"/>
</testsuite>